Command line:
   tb181111_01forTOP_8254_isim_beh.exe
     -simmode  gui
     -simrunnum  0
     -socket  60719

Wed Nov 14 23:06:00 2018


 Elaboration Time: 0.01 sec

 Current Memory Usage: 184.144 Meg

 Total Signals          : 134
 Total Nets             : 513
 Total Signal Drivers   : 88
 Total Blocks           : 8
 Total Primitive Blocks : 6
 Total Processes        : 57
 Total Traceable Variables  : 23
 Total Scalar Nets and Variables : 1078
Total Line Count : 272
Total Line Count : 272

 Total Simulation Time: 0.75 sec

 Current Memory Usage: 259.645 Meg

Wed Nov 14 23:06:16 2018

